Looking for git in: git
Using git 2.7.4 from git
> git rev-parse --show-toplevel
> git config --get commit.template
Open repository: /var/www/html/moodle/theme/ilb
> git status -z -u
> git symbolic-ref --short HEAD
> git rev-parse SABERES_34_STABLE
> git rev-parse --symbolic-full-name SABERES_34_STABLE@{u}
fatal: no upstream configured for branch 'SABERES_34_STABLE'
> git for-each-ref --format %(refname) %(objectname) --sort -committerdate
> git remote --verbose
> git check-ignore -z --stdin
> git check-ignore -z --stdin
> git check-ignore -z --stdin
> git check-ignore -z --stdin
> git status -z -u
> git symbolic-ref --short HEAD
> git rev-parse SABERES_34_STABLE
> git rev-parse --symbolic-full-name SABERES_34_STABLE@{u}
fatal: no upstream configured for branch 'SABERES_34_STABLE'
> git for-each-ref --format %(refname) %(objectname) --sort -committerdate
> git remote --verbose
> git status -z -u
> git symbolic-ref --short HEAD
> git rev-parse SABERES_34_STABLE
> git rev-parse --symbolic-full-name SABERES_34_STABLE@{u}
fatal: no upstream configured for branch 'SABERES_34_STABLE'
> git for-each-ref --format %(refname) %(objectname) --sort -committerdate
> git remote --verbose
> git check-ignore -z --stdin
> git check-ignore -z --stdin
> git status -z -u
> git symbolic-ref --short HEAD
> git rev-parse SABERES_34_STABLE
> git rev-parse --symbolic-full-name SABERES_34_STABLE@{u}
fatal: no upstream configured for branch 'SABERES_34_STABLE'
> git for-each-ref --format %(refname) %(objectname) --sort -committerdate
> git remote --verbose
> git show :templates/core/block.mustache
> git status -z -u
> git symbolic-ref --short HEAD
> git rev-parse SABERES_34_STABLE
> git rev-parse --symbolic-full-name SABERES_34_STABLE@{u}
fatal: no upstream configured for branch 'SABERES_34_STABLE'
> git for-each-ref --format %(refname) %(objectname) --sort -committerdate
> git remote --verbose
> git status -z -u
> git symbolic-ref --short HEAD
> git rev-parse SABERES_34_STABLE
> git rev-parse --symbolic-full-name SABERES_34_STABLE@{u}
fatal: no upstream configured for branch 'SABERES_34_STABLE'
> git for-each-ref --format %(refname) %(objectname) --sort -committerdate
> git remote --verbose
